<?xml version="1.0" encoding="UTF-8"?>
<testng-results skipped="0" failed="0" total="2" passed="2">
  <reporter-output>
  </reporter-output>
  <suite name="Default suite" duration-ms="16880" started-at="2016-03-23T10:02:11Z" finished-at="2016-03-23T10:02:28Z">
    <groups>
    </groups>
    <test name="Default test" duration-ms="16880" started-at="2016-03-23T10:02:11Z" finished-at="2016-03-23T10:02:28Z">
      <class name="example.googleNG">
        <test-method status="PASS" signature="loadTestThisWebsite()[pri:0, instance:example.googleNG@531cfec]" name="loadTestThisWebsite" duration-ms="9307" started-at="2016-03-23T18:02:12Z" finished-at="2016-03-23T18:02:21Z">
          <reporter-output>
          </reporter-output>
        </test-method> <!-- loadTestThisWebsite -->
        <test-method status="PASS" signature="loadTestThisWebsite()[pri:0, instance:example.googleNG@531cfec]" name="loadTestThisWebsite" duration-ms="7554" started-at="2016-03-23T18:02:21Z" finished-at="2016-03-23T18:02:28Z">
          <reporter-output>
          </reporter-output>
        </test-method> <!-- loadTestThisWebsite -->
      </class> <!-- example.googleNG -->
    </test> <!-- Default test -->
  </suite> <!-- Default suite -->
</testng-results>
